<?xml version="1.0" encoding="UTF-8"?>
<testng-results ignored="0" total="1" passed="1" failed="0" skipped="0">
  <reporter-output>
    <line>
      <![CDATA[openBrowser]]>
    </line>
    <line>
      <![CDATA[login]]>
    </line>
    <line>
      <![CDATA[CreateCustomer]]>
    </line>
    <line>
      <![CDATA[logout]]>
    </line>
    <line>
      <![CDATA[closeBrowser]]>
    </line>
  </reporter-output>
  <suite started-at="2024-04-17T16:26:44 IST" name="Default suite" finished-at="2024-04-17T16:26:54 IST" duration-ms="9594">
    <groups>
    </groups>
    <test started-at="2024-04-17T16:26:44 IST" name="Default test" finished-at="2024-04-17T16:26:54 IST" duration-ms="9594">
      <class name="com.Actitime.testscript.CustomerModule">
        <test-method is-config="true" signature="openBrowser()[pri:0, instance:com.Actitime.testscript.CustomerModule@316bcf94]" started-at="2024-04-17T16:26:44 IST" name="openBrowser" finished-at="2024-04-17T16:26:49 IST" duration-ms="4159" status="PASS">
          <reporter-output>
            <line>
              <![CDATA[openBrowser]]>
            </line>
          </reporter-output>
        </test-method> <!-- openBrowser -->
        <test-method is-config="true" signature="login()[pri:0, instance:com.Actitime.testscript.CustomerModule@316bcf94]" started-at="2024-04-17T16:26:49 IST" name="login" finished-at="2024-04-17T16:26:49 IST" duration-ms="579" status="PASS">
          <reporter-output>
            <line>
              <![CDATA[login]]>
            </line>
          </reporter-output>
        </test-method> <!-- login -->
        <test-method signature="testCreateCustomer()[pri:0, instance:com.Actitime.testscript.CustomerModule@316bcf94]" started-at="2024-04-17T16:26:49 IST" name="testCreateCustomer" finished-at="2024-04-17T16:26:52 IST" duration-ms="2881" status="PASS">
          <reporter-output>
            <line>
              <![CDATA[CreateCustomer]]>
            </line>
          </reporter-output>
        </test-method> <!-- testCreateCustomer -->
        <test-method is-config="true" signature="logout()[pri:0, instance:com.Actitime.testscript.CustomerModule@316bcf94]" started-at="2024-04-17T16:26:52 IST" name="logout" finished-at="2024-04-17T16:26:54 IST" duration-ms="1780" status="PASS">
          <reporter-output>
            <line>
              <![CDATA[logout]]>
            </line>
          </reporter-output>
        </test-method> <!-- logout -->
        <test-method is-config="true" signature="closeBrowser()[pri:0, instance:com.Actitime.testscript.CustomerModule@316bcf94]" started-at="2024-04-17T16:26:54 IST" name="closeBrowser" finished-at="2024-04-17T16:26:54 IST" duration-ms="145" status="PASS">
          <reporter-output>
            <line>
              <![CDATA[closeBrowser]]>
            </line>
          </reporter-output>
        </test-method> <!-- closeBrowser -->
      </class> <!-- com.Actitime.testscript.CustomerModule -->
    </test> <!-- Default test -->
  </suite> <!-- Default suite -->
</testng-results>
